Adding file system path C:\Users\Public\Quake_Level_Editor\quake-leveldesign-starterkit-master\id1
Adding file system package PAK0.PAK
Adding file system package PAK1.PAK
Creating new document
Loaded entity definition file Quake.fgd
Loading palette file gfx\palette.lmp
Renderer info: Intel(R) HD Graphics 2000 version 3.1.0 - Build 9.17.10.4459 from Intel
Depth buffer bits: 24
Multisampling enabled
Loading palette file gfx\palette.lmp
Loaded texture collection 'wads\prototype_1_2.wad'
Could not parse clipboard contents: At line 1, column 1: Expected '{', but got string (raw data: 'https://github.com/LittleFiery1/Floor-by-Floor/wiki')
Could not parse clipboard contents: At line 1, column 1: Expected '{', but got string (raw data: 'https://github.com/LittleFiery1/Floor-by-Floor/wiki')
Saved C:\Users\Public\Quake_Level_Editor\quake-leveldesign-starterkit-master\id1\maps\floorbyfloor.map
Created autosave backup at C:\Users\Public\Quake_Level_Editor\quake-leveldesign-starterkit-master\id1\maps\autosave\floorbyfloor.1.map
Created autosave backup at C:\Users\Public\Quake_Level_Editor\quake-leveldesign-starterkit-master\id1\maps\autosave\floorbyfloor.2.map
Created autosave backup at C:\Users\Public\Quake_Level_Editor\quake-leveldesign-starterkit-master\id1\maps\autosave\floorbyfloor.3.map
Created autosave backup at C:\Users\Public\Quake_Level_Editor\quake-leveldesign-starterkit-master\id1\maps\autosave\floorbyfloor.4.map
Created autosave backup at C:\Users\Public\Quake_Level_Editor\quake-leveldesign-starterkit-master\id1\maps\autosave\floorbyfloor.5.map
Created autosave backup at C:\Users\Public\Quake_Level_Editor\quake-leveldesign-starterkit-master\id1\maps\autosave\floorbyfloor.6.map
Saved C:\Users\Public\Quake_Level_Editor\quake-leveldesign-starterkit-master\id1\maps\floorbyfloor.map
Created autosave backup at C:\Users\Public\Quake_Level_Editor\quake-leveldesign-starterkit-master\id1\maps\autosave\floorbyfloor.7.map
Saved C:\Users\Public\Quake_Level_Editor\quake-leveldesign-starterkit-master\id1\maps\floorbyfloor.map
Created autosave backup at C:\Users\Public\Quake_Level_Editor\quake-leveldesign-starterkit-master\id1\maps\autosave\floorbyfloor.8.map
Saved C:\Users\Public\Quake_Level_Editor\quake-leveldesign-starterkit-master\id1\maps\floorbyfloor.map
Created autosave backup at C:\Users\Public\Quake_Level_Editor\quake-leveldesign-starterkit-master\id1\maps\autosave\floorbyfloor.9.map
Created autosave backup at C:\Users\Public\Quake_Level_Editor\quake-leveldesign-starterkit-master\id1\maps\autosave\floorbyfloor.10.map
Saved C:\Users\Public\Quake_Level_Editor\quake-leveldesign-starterkit-master\id1\maps\floorbyfloor.map
Loading palette file gfx\palette.lmp
Created autosave backup at C:\Users\Public\Quake_Level_Editor\quake-leveldesign-starterkit-master\id1\maps\autosave\floorbyfloor.11.map
Loading palette file gfx\palette.lmp
Loaded texture collection '..\wads\prototype_1_2.wad'
Saved C:\Users\Public\Quake_Level_Editor\quake-leveldesign-starterkit-master\id1\maps\floorbyfloor.map
Saved C:\Users\Public\Quake_Level_Editor\quake-leveldesign-starterkit-master\id1\maps\floorbyfloor.map
Created autosave backup at C:\Users\Public\Quake_Level_Editor\quake-leveldesign-starterkit-master\id1\maps\autosave\floorbyfloor.12.map
Saved C:\Users\Public\Quake_Level_Editor\quake-leveldesign-starterkit-master\id1\maps\floorbyfloor.map
Created autosave backup at C:\Users\Public\Quake_Level_Editor\quake-leveldesign-starterkit-master\id1\maps\autosave\floorbyfloor.13.map
Saved C:\Users\Public\Quake_Level_Editor\quake-leveldesign-starterkit-master\id1\maps\floorbyfloor.map
Saved C:\Users\Public\Quake_Level_Editor\quake-leveldesign-starterkit-master\id1\maps\floorbyfloor.map
Saved C:\Users\Public\Quake_Level_Editor\quake-leveldesign-starterkit-master\id1\maps\floorbyfloor.map
Created autosave backup at C:\Users\Public\Quake_Level_Editor\quake-leveldesign-starterkit-master\id1\maps\autosave\floorbyfloor.14.map
Saved C:\Users\Public\Quake_Level_Editor\quake-leveldesign-starterkit-master\id1\maps\floorbyfloor.map
Saved C:\Users\Public\Quake_Level_Editor\quake-leveldesign-starterkit-master\id1\maps\floorbyfloor.map
Created autosave backup at C:\Users\Public\Quake_Level_Editor\quake-leveldesign-starterkit-master\id1\maps\autosave\floorbyfloor.15.map
Created autosave backup at C:\Users\Public\Quake_Level_Editor\quake-leveldesign-starterkit-master\id1\maps\autosave\floorbyfloor.16.map
Saved C:\Users\Public\Quake_Level_Editor\quake-leveldesign-starterkit-master\id1\maps\floorbyfloor.map
Created autosave backup at C:\Users\Public\Quake_Level_Editor\quake-leveldesign-starterkit-master\id1\maps\autosave\floorbyfloor.17.map
Created autosave backup at C:\Users\Public\Quake_Level_Editor\quake-leveldesign-starterkit-master\id1\maps\autosave\floorbyfloor.18.map
Saved C:\Users\Public\Quake_Level_Editor\quake-leveldesign-starterkit-master\id1\maps\floorbyfloor.map
Created autosave backup at C:\Users\Public\Quake_Level_Editor\quake-leveldesign-starterkit-master\id1\maps\autosave\floorbyfloor.19.map
Created autosave backup at C:\Users\Public\Quake_Level_Editor\quake-leveldesign-starterkit-master\id1\maps\autosave\floorbyfloor.20.map
Saved C:\Users\Public\Quake_Level_Editor\quake-leveldesign-starterkit-master\id1\maps\floorbyfloor.map
Saved C:\Users\Public\Quake_Level_Editor\quake-leveldesign-starterkit-master\id1\maps\floorbyfloor.map
Saved C:\Users\Public\Quake_Level_Editor\quake-leveldesign-starterkit-master\id1\maps\floorbyfloor.map
Created autosave backup at C:\Users\Public\Quake_Level_Editor\quake-leveldesign-starterkit-master\id1\maps\autosave\floorbyfloor.21.map
Created autosave backup at C:\Users\Public\Quake_Level_Editor\quake-leveldesign-starterkit-master\id1\maps\autosave\floorbyfloor.22.map
Saved C:\Users\Public\Quake_Level_Editor\quake-leveldesign-starterkit-master\id1\maps\floorbyfloor.map
Created autosave backup at C:\Users\Public\Quake_Level_Editor\quake-leveldesign-starterkit-master\id1\maps\autosave\floorbyfloor.23.map
Saved C:\Users\Public\Quake_Level_Editor\quake-leveldesign-starterkit-master\id1\maps\floorbyfloor.map
Saved C:\Users\Public\Quake_Level_Editor\quake-leveldesign-starterkit-master\id1\maps\floorbyfloor.map
Created autosave backup at C:\Users\Public\Quake_Level_Editor\quake-leveldesign-starterkit-master\id1\maps\autosave\floorbyfloor.24.map
Saved C:\Users\Public\Quake_Level_Editor\quake-leveldesign-starterkit-master\id1\maps\floorbyfloor.map
Saved C:\Users\Public\Quake_Level_Editor\quake-leveldesign-starterkit-master\id1\maps\floorbyfloor.map
Saved C:\Users\Public\Quake_Level_Editor\quake-leveldesign-starterkit-master\id1\maps\floorbyfloor.map
Saved C:\Users\Public\Quake_Level_Editor\quake-leveldesign-starterkit-master\id1\maps\floorbyfloor.map
Saved C:\Users\Public\Quake_Level_Editor\quake-leveldesign-starterkit-master\id1\maps\floorbyfloor.map
Created autosave backup at C:\Users\Public\Quake_Level_Editor\quake-leveldesign-starterkit-master\id1\maps\autosave\floorbyfloor.25.map
Created autosave backup at C:\Users\Public\Quake_Level_Editor\quake-leveldesign-starterkit-master\id1\maps\autosave\floorbyfloor.26.map
Created autosave backup at C:\Users\Public\Quake_Level_Editor\quake-leveldesign-starterkit-master\id1\maps\autosave\floorbyfloor.27.map
Created autosave backup at C:\Users\Public\Quake_Level_Editor\quake-leveldesign-starterkit-master\id1\maps\autosave\floorbyfloor.28.map
Saved C:\Users\Public\Quake_Level_Editor\quake-leveldesign-starterkit-master\id1\maps\floorbyfloor.map
Saved C:\Users\Public\Quake_Level_Editor\quake-leveldesign-starterkit-master\id1\maps\floorbyfloor.map
Created autosave backup at C:\Users\Public\Quake_Level_Editor\quake-leveldesign-starterkit-master\id1\maps\autosave\floorbyfloor.29.map
Saved C:\Users\Public\Quake_Level_Editor\quake-leveldesign-starterkit-master\id1\maps\floorbyfloor.map
Created autosave backup at C:\Users\Public\Quake_Level_Editor\quake-leveldesign-starterkit-master\id1\maps\autosave\floorbyfloor.30.map
Saved C:\Users\Public\Quake_Level_Editor\quake-leveldesign-starterkit-master\id1\maps\floorbyfloor.map
Created autosave backup at C:\Users\Public\Quake_Level_Editor\quake-leveldesign-starterkit-master\id1\maps\autosave\floorbyfloor.31.map
Created autosave backup at C:\Users\Public\Quake_Level_Editor\quake-leveldesign-starterkit-master\id1\maps\autosave\floorbyfloor.32.map
Created autosave backup at C:\Users\Public\Quake_Level_Editor\quake-leveldesign-starterkit-master\id1\maps\autosave\floorbyfloor.33.map
