---- light / ericw-tools v0.18.1 ----
extra 4x4 sampling enabled
Raytracing backend: Embree
running with 4 threads
LoadBSPFile: 'floorbyfloor.bsp'
BSP is version 29
--- LoadEntities ---
203 entities read, 80 are lights.
--- OptionsSummary ---
    "sunlight" was set to "150.000000" from map
Embree_TraceInit: Embree version: 2.15.0
Embree_TraceInit:
	805 sky faces
	14685 solid faces
	0 filtered faces
	0 shadow-casting skip faces
SetupLights: 80 initial lights
SetupLights: 80 after surface lights
SetupLights: 80 after jittering
--- EstimateLightVisibility ---
0....1....2....3....4....5....6....7....8....9....
Final count: 80 lights 2 suns in use.
--- LightWorld ---
0....1....2....3....4....5....6....7....8....9....
Lighting Completed.

lightdatasize: 843013
0 switchable light styles (32 max)
Writing floorbyfloor.bsp as BSP version 29
7.300 seconds elapsed

stats:
0.463438 lights tested, 0.239855 hits per sample point
0.000000 bounce lights tested, 0.000000 hits per sample point
0 empty lightmaps
