PRT1
28
88
4 0 20 (-480 -80 16 ) (-480 -80 640 ) (-480 -64 640 ) (-480 -64 16 ) 
4 0 15 (-480 -80 640 ) (-480 -80 784 ) (-480 -64 784 ) (-480 -64 640 ) 
4 0 14 (-480 -80 784 ) (-480 -80 1184 ) (-480 -64 1184 ) (-480 -64 784 ) 
4 0 13 (-480 -64 1184 ) (-480 1888 1184 ) (-480 1888 16 ) (-480 -64 16 ) 
4 0 10 (-480 -80 768 ) (-480 -80 656 ) (-384 -80 656 ) (-384 -80 768 ) 
4 0 9 (-384 -80 640 ) (32 -80 640 ) (32 -80 768 ) (-384 -80 768 ) 
4 0 11 (-480 -80 640 ) (-480 -80 16 ) (32 -80 16 ) (32 -80 640 ) 
4 0 7 (128 -80 768 ) (32 -80 768 ) (32 -80 656 ) (128 -80 656 ) 
4 0 6 (496 -80 640 ) (496 -80 768 ) (128 -80 768 ) (128 -80 640 ) 
4 0 8 (32 -80 16 ) (496 -80 16 ) (496 -80 640 ) (32 -80 640 ) 
4 0 5 (-480 -80 784 ) (-480 -80 768 ) (496 -80 768 ) (496 -80 784 ) 
4 0 4 (496 -80 1184 ) (-480 -80 1184 ) (-480 -80 784 ) (496 -80 784 ) 
4 1 4 (496 -208 1018.666667 ) (496 -208 1008 ) (496 -416 1008 ) (496 -416 1018.666667 ) 
4 1 2 (512 -208 1040 ) (496 -208 1018.666667 ) (496 -416 1018.666667 ) (512 -416 1040 ) 
4 2 4 (496 -208 1146.666667 ) (496 -208 1018.666667 ) (496 -416 1018.666667 ) (496 -416 1146.666667 ) 
4 2 3 (496 -208 1146.666667 ) (496 -416 1146.666667 ) (512 -416 1168 ) (512 -208 1168 ) 
4 3 4 (496 -208 1168 ) (496 -208 1146.666667 ) (496 -416 1146.666667 ) (496 -416 1168 ) 
4 4 14 (-480 -464 1184 ) (-480 -80 1184 ) (-480 -80 784 ) (-480 -464 784 ) 
4 4 5 (-480 -208 784 ) (-480 -80 784 ) (496 -80 784 ) (496 -208 784 ) 
4 5 15 (-480 -208 784 ) (-480 -80 784 ) (-480 -80 768 ) (-480 -208 768 ) 
4 5 12 (-480 -208 768 ) (-480 -176 768 ) (496 -176 768 ) (496 -208 768 ) 
4 5 10 (-480 -176 768 ) (-480 -80 768 ) (-384 -80 768 ) (-384 -176 768 ) 
4 5 9 (-384 -80 768 ) (32 -80 768 ) (32 -176 768 ) (-384 -176 768 ) 
4 5 7 (32 -80 768 ) (128 -80 768 ) (128 -176 768 ) (32 -176 768 ) 
4 5 6 (128 -80 768 ) (496 -80 768 ) (496 -176 768 ) (128 -176 768 ) 
4 6 12 (496 -176 640 ) (496 -176 768 ) (128 -176 768 ) (128 -176 640 ) 
4 6 7 (128 -80 768 ) (128 -80 656 ) (128 -176 656 ) (128 -176 768 ) 
4 6 8 (496 -176 640 ) (128 -176 640 ) (128 -80 640 ) (496 -80 640 ) 
4 7 12 (128 -176 768 ) (32 -176 768 ) (32 -176 656 ) (128 -176 656 ) 
4 7 9 (32 -80 768 ) (32 -80 656 ) (32 -176 656 ) (32 -176 768 ) 
4 8 12 (496 -176 16 ) (496 -176 640 ) (32 -176 640 ) (32 -176 16 ) 
4 8 11 (32 -80 640 ) (32 -80 16 ) (32 -176 16 ) (32 -176 640 ) 
4 9 12 (32 -176 768 ) (-384 -176 768 ) (-384 -176 640 ) (32 -176 640 ) 
4 9 10 (-384 -80 768 ) (-384 -80 656 ) (-384 -176 656 ) (-384 -176 768 ) 
4 9 11 (32 -80 640 ) (32 -176 640 ) (-384 -176 640 ) (-384 -80 640 ) 
4 10 15 (-480 -176 768 ) (-480 -80 768 ) (-480 -80 656 ) (-480 -176 656 ) 
4 10 12 (-384 -176 768 ) (-480 -176 768 ) (-480 -176 656 ) (-384 -176 656 ) 
4 11 20 (-480 -80 640 ) (-480 -80 16 ) (-480 -176 16 ) (-480 -176 640 ) 
4 11 12 (-480 -176 640 ) (-480 -176 16 ) (32 -176 16 ) (32 -176 640 ) 
4 12 20 (-480 -176 640 ) (-480 -176 16 ) (-480 -464 16 ) (-480 -464 640 ) 
4 12 19 (-480 -464 768 ) (-480 -208 768 ) (-480 -208 640 ) (-480 -464 640 ) 
4 12 15 (-480 -208 768 ) (-480 -176 768 ) (-480 -176 640 ) (-480 -208 640 ) 
4 13 27 (-1856 -64 640 ) (-1856 -64 16 ) (-992 -64 16 ) (-992 -64 640 ) 
4 13 23 (-1408 -64 656 ) (-1408 -64 784 ) (-1504 -64 784 ) (-1504 -64 656 ) 
4 13 25 (-1856 -64 784 ) (-1856 -64 640 ) (-1504 -64 640 ) (-1504 -64 784 ) 
4 13 22 (-1408 -64 640 ) (-992 -64 640 ) (-992 -64 784 ) (-1408 -64 784 ) 
4 13 21 (-992 -64 1184 ) (-1856 -64 1184 ) (-1856 -64 784 ) (-992 -64 784 ) 
4 13 20 (-480 -64 16 ) (-480 -64 640 ) (-992 -64 640 ) (-992 -64 16 ) 
4 13 17 (-992 -64 656 ) (-992 -64 640 ) (-896 -64 640 ) (-896 -64 656 ) 
4 13 16 (-896 -64 784 ) (-992 -64 784 ) (-992 -64 656 ) (-896 -64 656 ) 
4 13 15 (-480 -64 640 ) (-480 -64 784 ) (-896 -64 784 ) (-896 -64 640 ) 
4 13 14 (-480 -64 784 ) (-480 -64 1184 ) (-992 -64 1184 ) (-992 -64 784 ) 
4 14 21 (-992 -64 1184 ) (-992 -64 784 ) (-992 -464 784 ) (-992 -464 1184 ) 
4 14 16 (-992 -208 784 ) (-992 -64 784 ) (-896 -64 784 ) (-896 -208 784 ) 
4 14 15 (-896 -64 784 ) (-480 -64 784 ) (-480 -208 784 ) (-896 -208 784 ) 
4 15 20 (-896 -64 640 ) (-480 -64 640 ) (-480 -208 640 ) (-896 -208 640 ) 
4 15 19 (-896 -208 640 ) (-480 -208 640 ) (-480 -208 768 ) (-896 -208 768 ) 
4 15 17 (-896 -64 656 ) (-896 -64 640 ) (-896 -80 640 ) (-896 -80 656 ) 
4 15 18 (-896 -176 640 ) (-896 -208 640 ) (-896 -208 656 ) (-896 -176 656 ) 
4 15 16 (-896 -64 784 ) (-896 -64 656 ) (-896 -208 656 ) (-896 -208 784 ) 
4 16 22 (-992 -64 784 ) (-992 -64 656 ) (-992 -208 656 ) (-992 -208 784 ) 
4 16 19 (-896 -208 656 ) (-896 -208 768 ) (-992 -208 768 ) (-992 -208 656 ) 
4 16 17 (-992 -80 656 ) (-992 -64 656 ) (-896 -64 656 ) (-896 -80 656 ) 
4 16 18 (-896 -208 656 ) (-992 -208 656 ) (-992 -176 656 ) (-896 -176 656 ) 
4 17 22 (-992 -64 656 ) (-992 -64 640 ) (-992 -80 640 ) (-992 -80 656 ) 
4 17 20 (-992 -64 640 ) (-896 -64 640 ) (-896 -80 640 ) (-992 -80 640 ) 
4 18 22 (-992 -176 640 ) (-992 -208 640 ) (-992 -208 656 ) (-992 -176 656 ) 
4 18 20 (-896 -176 640 ) (-896 -208 640 ) (-992 -208 640 ) (-992 -176 640 ) 
4 18 19 (-992 -208 640 ) (-896 -208 640 ) (-896 -208 656 ) (-992 -208 656 ) 
4 19 26 (-992 -208 640 ) (-992 -464 640 ) (-992 -464 768 ) (-992 -208 768 ) 
4 19 20 (-480 -208 640 ) (-480 -464 640 ) (-992 -464 640 ) (-992 -208 640 ) 
4 20 27 (-992 -64 640 ) (-992 -64 16 ) (-992 -464 16 ) (-992 -464 640 ) 
4 21 23 (-1504 -64 784 ) (-1408 -64 784 ) (-1408 -160 784 ) (-1504 -160 784 ) 
4 21 24 (-1408 -160 784 ) (-1408 -208 784 ) (-1504 -208 784 ) (-1504 -160 784 ) 
4 21 25 (-1856 -64 784 ) (-1504 -64 784 ) (-1504 -208 784 ) (-1856 -208 784 ) 
4 21 22 (-1408 -64 784 ) (-992 -64 784 ) (-992 -208 784 ) (-1408 -208 784 ) 
4 22 27 (-1408 -64 640 ) (-992 -64 640 ) (-992 -208 640 ) (-1408 -208 640 ) 
4 22 26 (-992 -208 640 ) (-992 -208 768 ) (-1408 -208 768 ) (-1408 -208 640 ) 
4 22 23 (-1408 -64 784 ) (-1408 -64 656 ) (-1408 -160 656 ) (-1408 -160 784 ) 
4 22 24 (-1408 -160 640 ) (-1408 -208 640 ) (-1408 -208 784 ) (-1408 -160 784 ) 
4 23 24 (-1408 -160 656 ) (-1408 -160 784 ) (-1504 -160 784 ) (-1504 -160 656 ) 
4 23 25 (-1504 -160 784 ) (-1504 -64 784 ) (-1504 -64 656 ) (-1504 -160 656 ) 
4 24 27 (-1408 -160 640 ) (-1408 -208 640 ) (-1504 -208 640 ) (-1504 -160 640 ) 
4 24 26 (-1504 -208 768 ) (-1504 -208 640 ) (-1408 -208 640 ) (-1408 -208 768 ) 
4 24 25 (-1504 -208 640 ) (-1504 -208 784 ) (-1504 -160 784 ) (-1504 -160 640 ) 
4 25 27 (-1856 -64 640 ) (-1504 -64 640 ) (-1504 -208 640 ) (-1856 -208 640 ) 
4 25 26 (-1856 -208 768 ) (-1856 -208 640 ) (-1504 -208 640 ) (-1504 -208 768 ) 
4 26 27 (-992 -208 640 ) (-992 -464 640 ) (-1856 -464 640 ) (-1856 -208 640 ) 
